<?xml version="1.0" encoding="UTF-8"?>
<testsuite name="CommunityTest" tests="2" skipped="0" failures="0" errors="0" timestamp="2020-06-12T15:30:28" hostname="DELL-B" time="0.014">
  <properties/>
  <testcase name="sumStatsTest()" classname="CommunityTest" time="0.012"/>
  <testcase name="setFirstInfectedTest()" classname="CommunityTest" time="0.002"/>
  <system-out><![CDATA[]]></system-out>
  <system-err><![CDATA[]]></system-err>
</testsuite>
