<?xml version="1.0" encoding="UTF-8"?>
<testsuite name="CommunityTest" tests="2" skipped="0" failures="0" errors="0" timestamp="2020-06-16T20:48:14" hostname="DELL-B" time="0.016">
  <properties/>
  <testcase name="sumStatsTest()" classname="CommunityTest" time="0.011"/>
  <testcase name="setFirstInfectedTest()" classname="CommunityTest" time="0.004"/>
  <system-out><![CDATA[]]></system-out>
  <system-err><![CDATA[]]></system-err>
</testsuite>
